<?xml version="1.0" encoding="UTF-8" ?>
<testsuite errors="4" failures="0" hostname="mini" name="serial.SerialTest" skipped="0" tests="2" time="0.619" timestamp="2016-06-01T05:34:22">
  <properties>
    <property name="libs.jsp-compiler.javadoc" value="" />
    <property name="netbeans.autoupdate.country" value="CA" />
    <property name="javafx.binarycss" value="false" />
    <property name="libs.SQLite.maven-pom" value="" />
    <property name="javafx.signing.enabled" value="false" />
    <property name="javac.test.classpath" value="/usr/lib/jvm/jdk1.8.0_66/jre/lib/javaws.jar:/usr/lib/jvm/jdk1.8.0_66/jre/lib/deploy.jar:/usr/lib/jvm/jdk1.8.0_66/jre/lib/plugin.jar:${libs.Serial_JSSC.classpath}:/home/user/Downloads/Libraries/jSSC-2.6.0-Release/jssc.jar:build/classes:/home/user/netbeans-8.1/platform/modules/ext/junit-4.12.jar:/home/user/netbeans-8.1/platform/modules/ext/hamcrest-core-1.3.jar" />
    <property name="libs.Vertx_Core.src" value="" />
    <property name="libs.jsf20.maven-pom" value="" />
    <property name="libs.DataBindingME.src" value="/home/user/netbeans-8.1/mobility/sources/netbeans_databindingme-src.zip" />
    <property name="manifest.custom.codebase" value="*" />
    <property name="libs.j2me_ant_ext.javadoc" value="" />
    <property name="libs.Apache_Commons_IO.src" value="" />
    <property name="javafx.signing.blob" value="false" />
    <property name="libs.Apache_Commons_Lang.classpath" value="/home/user/Downloads/Libraries/commons-lang3-3.4/commons-lang3-3.4.jar" />
    <property name="libs.spring-webmvc4.0.src" value="" />
    <property name="javac.includes" value="serial/SerialTest.java" />
    <property name="libs.nokiaS80-ant-utils.javadoc" value="" />
    <property name="ant.core.lib" value="/home/user/netbeans-8.1/extide/ant/lib/ant.jar" />
    <property name="libs.jakarta_slide_ant_webdav.javadoc" value="" />
    <property name="javadoc.windowtitle" value="" />
    <property name="libs.jsp-compilation.javadoc" value="" />
    <property name="javafx.preloader.enabled" value="false" />
    <property name="user.dir" value="/home/user/NetBeansProjects/FxPicoConfig" />
    <property name="libs.javaee-api-7.0.src" value="" />
    <property name="libs.JMUnit4CLDC10.javadoc" value="/home/user/.netbeans/8.1/modules/docs/jmunit-1.2.1-api.zip" />
    <property name="java.vm.version" value="25.66-b17" />
    <property name="libs.DataBindingME.classpath" value="/home/user/netbeans-8.1/mobility/modules/ext/netbeans_databindingme.jar" />
    <property name="libs.j2me_common_ant.src" value="" />
    <property name="libs.MySQLDriver.classpath" value="/home/user/netbeans-8.1/ide/modules/ext/mysql-connector-java-5.1.23-bin.jar" />
    <property name="libs.eclipselinkmodelgen.src" value="" />
    <property name="libs.Lombok.src" value="" />
    <property name="javadoc.notree" value="false" />
    <property name="netbeans.autoupdate.version" value="1.23" />
    <property name="netbeans.running.environment" value="gnome" />
    <property name="libs.javaee-web-api-6.0.classpath" value="/home/user/netbeans-8.1/enterprise/modules/ext/javaee-web-api-6.0.jar" />
    <property name="libs.DataBindingME-PIM.maven-pom" value="" />
    <property name="libs.Apache_Commons_Collections.src" value="" />
    <property name="libs.Vertx_Core.maven-pom" value="" />
    <property name="javac.profile.cmd.line.arg" value="" />
    <property name="jdk.home" value="/usr/lib/jvm/jdk1.8.0_66" />
    <property name="libs.JSoup.javadoc" value="" />
    <property name="javafx.deploy.addstartmenushortcut" value="false" />
    <property name="libs.javac-api.src" value="" />
    <property name="javafx.enabled" value="true" />
    <property name="javadoc.noindex" value="false" />
    <property name="libs.jpa2-persistence.classpath" value="/home/user/netbeans-8.1/java/modules/ext/hibernate4/hibernate-jpa-2.1-api-1.0.0.Final.jar" />
    <property name="sun.os.patch.level" value="unknown" />
    <property name="auxiliary.org-netbeans-modules-projectapi.issue214819_5f_fx_5f_enabled" value="true" />
    <property name="java.vm.specification.name" value="Java Virtual Machine Specification" />
    <property name="libs.semc-ant-utils.classpath" value="/home/user/.netbeans/8.1/modules/ext/org-netbeans-modules-j2me-cdc-project-semc.jar" />
    <property name="nb.show.statistics.ui" value="usageStatisticsEnabled" />
    <property name="ant.file.FXPicoConfig" value="/home/user/NetBeansProjects/FxPicoConfig/build.xml" />
    <property name="netbeans.autoupdate.variant" value="" />
    <property name="have.tests" value="true" />
    <property name="libs.nokiaS80-ant-utils.maven-pom" value="" />
    <property name="org.xml.sax.driver" value="com.sun.org.apache.xerces.internal.jaxp.SAXParserImpl$JAXPSAXParser" />
    <property name="libs.Lombok.maven-pom" value="" />
    <property name="libs.hamcrest.classpath" value="/home/user/netbeans-8.1/platform/modules/ext/hamcrest-core-1.3.jar" />
    <property name="libs.javac-api.javadoc" value="" />
    <property name="os.name" value="Linux" />
    <property name="test.class" value="serial.SerialTest" />
    <property name="libs.beans-binding.classpath" value="/home/user/netbeans-8.1/java/modules/ext/beansbinding-1.2.1.jar" />
    <property name="libs.javaee-endorsed-api-7.0.maven-pom" value="" />
    <property name="ap.proc.none.internal" value="" />
    <property name="libs.DataBindingME-SVG.javadoc" value="/home/user/netbeans-8.1/mobility/modules/docs/netbeans_databindingme_svg-api.zip" />
    <property name="libs.restapi.javadoc" value="" />
    <property name="libs.JWSAntTasks.maven-pom" value="" />
    <property name="libs.jstl.classpath" value="/home/user/netbeans-8.1/enterprise/modules/ext/jstl-impl.jar:/home/user/netbeans-8.1/enterprise/modules/ext/jstl-api.jar" />
    <property name="libs.testng.src" value="" />
    <property name="javafx.preloader.project.path" value="" />
    <property name="libs.ojec-ant-utils.src" value="" />
    <property name="libs.spring-webmvc3.0.src" value="" />
    <property name="libs.restapi.classpath" value="/home/user/netbeans-8.1/enterprise/modules/ext/jaxrs-2.0/javax.ws.rs-api-2.0.jar" />
    <property name="java.vendor.url.bug" value="http://bugreport.sun.com/bugreport/" />
    <property name="javafx.preloader.type" value="none" />
    <property name="libs.Apache_POI.javadoc" value="" />
    <property name="libs.jaxb.maven-pom" value="" />
    <property name="os.arch" value="amd64" />
    <property name="libs.eclipselink.src" value="" />
    <property name="user.name" value="user" />
    <property name="libs.jsf12.javadoc" value="/home/user/netbeans-8.1/enterprise/docs/javaee-doc-api.jar" />
    <property name="copylibs.rebase" value="true" />
    <property name="libs.Apache_HttpComponents.maven-pom" value="" />
    <property name="libs.j2me_common_ant.maven-pom" value="" />
    <property name="libs.Apache_HttpComponents.src" value="" />
    <property name="libs.Apache_POI.maven-pom" value="" />
    <property name="libs.spring-webmvc3.0.maven-pom" value="" />
    <property name="libs.swing-layout.maven-pom" value="" />
    <property name="sun.java.command" value="org.apache.tools.ant.taskdefs.optional.junit.JUnitTestRunner serial.SerialTest skipNonTests=false filtertrace=true haltOnError=false haltOnFailure=false showoutput=true outputtoformatters=true logfailedtests=true threadid=0 logtestlistenerevents=true formatter=org.apache.tools.ant.taskdefs.optional.junit.BriefJUnitResultFormatter formatter=org.apache.tools.ant.taskdefs.optional.junit.XMLJUnitResultFormatter,/home/user/NetBeansProjects/FxPicoConfig/build/test/results/TEST-serial.SerialTest.xml crashfile=/home/user/NetBeansProjects/FxPicoConfig/build/junitvmwatcher3402759444137754803.properties propsfile=/home/user/NetBeansProjects/FxPicoConfig/build/junit5343451220970184329.properties" />
    <property name="build.classes.dir" value="build/classes" />
    <property name="netbeans.accept_license_class" value="org.netbeans.license.AcceptLicense" />
    <property name="build.sysclasspath" value="ignore" />
    <property name="libs.Apache_Commons_Math.classpath" value="/home/user/Downloads/Libraries/commons-math3-3.6/commons-math3-3.6.jar" />
    <property name="ap.supported.internal" value="true" />
    <property name="java.failonerror" value="true" />
    <property name="libs.Apache_Commons_Lang.src" value="" />
    <property name="libs.javaee-endorsed-api-7.0.javadoc" value="/home/user/netbeans-8.1/enterprise/docs/javaee-doc-api.jar" />
    <property name="libs.jaxws21.javadoc" value="/home/user/netbeans-8.1/java/docs/jaxws-api-doc.zip" />
    <property name="libs.spring-webmvc4.0.javadoc" value="" />
    <property name="javafx.run.width" value="800" />
    <property name="includes" value="**" />
    <property name="libs.Apache_Commons_IO.classpath" value="/home/user/Downloads/Libraries/commons-io-2.4.jar" />
    <property name="libs.ojec-ant-utils.maven-pom" value="" />
    <property name="user.country" value="CA" />
    <property name="manifest.file" value="manifest.mf" />
    <property name="libs.JMUnit4CLDC11.src" value="" />
    <property name="libs.JavaBerkley.classpath" value="/home/user/Downloads/Libraries/je-6.4.9/lib/je-6.4.9.jar" />
    <property name="libs.Apache_Commons_DbUtils.maven-pom" value="" />
    <property name="javadoc.encoding" value="UTF-8" />
    <property name="javac.classpath" value="/usr/lib/jvm/jdk1.8.0_66/jre/lib/javaws.jar:/usr/lib/jvm/jdk1.8.0_66/jre/lib/deploy.jar:/usr/lib/jvm/jdk1.8.0_66/jre/lib/plugin.jar:${libs.Serial_JSSC.classpath}:/home/user/Downloads/Libraries/jSSC-2.6.0-Release/jssc.jar" />
    <property name="libs.Apache_Commons_Collections.classpath" value="/home/user/Downloads/Libraries/commons-collections4-4.1/commons-collections4-4.1.jar" />
    <property name="libs.jsp-compilation-syscp.src" value="" />
    <property name="libs.JAVADB_DRIVER_LABEL.src" value="" />
    <property name="libs.spring-framework400.classpath" value="/home/user/netbeans-8.1/ide/modules/org-apache-commons-logging.jar:/home/user/netbeans-8.1/java/modules/ext/cglib-2.2.jar:/home/user/netbeans-8.1/java/modules/ext/spring-4/spring-aop-4.0.1.RELEASE.jar:/home/user/netbeans-8.1/java/modules/ext/spring-4/spring-aspects-4.0.1.RELEASE.jar:/home/user/netbeans-8.1/java/modules/ext/spring-4/spring-beans-4.0.1.RELEASE.jar:/home/user/netbeans-8.1/java/modules/ext/spring-4/spring-build-src-4.0.1.RELEASE.jar:/home/user/netbeans-8.1/java/modules/ext/spring-4/spring-context-4.0.1.RELEASE.jar:/home/user/netbeans-8.1/java/modules/ext/spring-4/spring-context-support-4.0.1.RELEASE.jar:/home/user/netbeans-8.1/java/modules/ext/spring-4/spring-core-4.0.1.RELEASE.jar:/home/user/netbeans-8.1/java/modules/ext/spring-4/spring-expression-4.0.1.RELEASE.jar:/home/user/netbeans-8.1/java/modules/ext/spring-4/spring-framework-bom-4.0.1.RELEASE.jar:/home/user/netbeans-8.1/java/modules/ext/spring-4/spring-instrument-4.0.1.RELEASE.jar:/home/user/netbeans-8.1/java/modules/ext/spring-4/spring-instrument-tomcat-4.0.1.RELEASE.jar:/home/user/netbeans-8.1/java/modules/ext/spring-4/spring-jdbc-4.0.1.RELEASE.jar:/home/user/netbeans-8.1/java/modules/ext/spring-4/spring-jms-4.0.1.RELEASE.jar:/home/user/netbeans-8.1/java/modules/ext/spring-4/spring-messaging-4.0.1.RELEASE.jar:/home/user/netbeans-8.1/java/modules/ext/spring-4/spring-orm-4.0.1.RELEASE.jar:/home/user/netbeans-8.1/java/modules/ext/spring-4/spring-oxm-4.0.1.RELEASE.jar:/home/user/netbeans-8.1/java/modules/ext/spring-4/spring-test-4.0.1.RELEASE.jar:/home/user/netbeans-8.1/java/modules/ext/spring-4/spring-tx-4.0.1.RELEASE.jar:/home/user/netbeans-8.1/java/modules/ext/spring-4/spring-web-4.0.1.RELEASE.jar:/home/user/netbeans-8.1/java/modules/ext/spring-4/spring-webmvc-4.0.1.RELEASE.jar:/home/user/netbeans-8.1/java/modules/ext/spring-4/spring-webmvc-portlet-4.0.1.RELEASE.jar:/home/user/netbeans-8.1/java/modules/ext/spring-4/spring-websocket-4.0.1.RELEASE.jar" />
    <property name="debug-transport" value="dt_socket" />
    <property name="netbeans.home" value="/home/user/netbeans-8.1/platform" />
    <property name="build.compiler.emacs" value="true" />
    <property name="libs.Apache_Commons_DBCP.src" value="" />
    <property name="libs.javaee-web-api-6.0.src" value="" />
    <property name="libs.jsp-compilation-syscp.classpath" value="/home/user/netbeans-8.1/extide/ant/lib/ant.jar:/home/user/netbeans-8.1/enterprise/modules/ext/servlet3.1-jsp2.3-api.jar:/home/user/netbeans-8.1/enterprise/modules/ext/glassfish-jspparser-4.0.jar:/home/user/netbeans-8.1/enterprise/modules/ext/jstl-impl.jar:/home/user/netbeans-8.1/enterprise/modules/ext/jsf-2_2/javax.faces.jar" />
    <property name="libs.nokiaS80-ant-utils.src" value="" />
    <property name="libs.cdc-pp-awt-layout.javadoc" value="" />
    <property name="libs.j2me_ant_ext.classpath" value="/home/user/.netbeans/8.1/modules/org-netbeans-modules-mobility-antext.jar:/home/user/netbeans-8.1/mobility/modules/org-netbeans-modules-j2me-common-ant.jar:/home/user/netbeans-8.1/java/modules/org-netbeans-modules-classfile.jar" />
    <property name="javafx.deploy.includeDT" value="true" />
    <property name="java.endorsed.dirs" value="/usr/lib/jvm/jdk1.8.0_66/jre/lib/endorsed" />
    <property name="libs.groovy-all.src" value="" />
    <property name="test.includes" value="serial/SerialTest.java" />
    <property name="netbeans.dynamic.classpath" value="/home/user/netbeans-8.1/platform/core/org-netbeans-libs-asm.jar:/home/user/netbeans-8.1/platform/core/org-openide-filesystems-compat8.jar:/home/user/netbeans-8.1/platform/core/org-openide-filesystems.jar:/home/user/netbeans-8.1/platform/core/core-base.jar:/home/user/netbeans-8.1/platform/core/core.jar:/home/user/netbeans-8.1/platform/core/asm-all-5.0.1.jar:/home/user/netbeans-8.1/platform/core/locale/org-openide-filesystems_ru.jar:/home/user/netbeans-8.1/platform/core/locale/core-base_zh_CN.jar:/home/user/netbeans-8.1/platform/core/locale/core_pt_BR.jar:/home/user/netbeans-8.1/platform/core/locale/org-openide-filesystems-compat8_zh_CN.jar:/home/user/netbeans-8.1/platform/core/locale/org-openide-filesystems-compat8_ru.jar:/home/user/netbeans-8.1/platform/core/locale/org-openide-filesystems_pt_BR.jar:/home/user/netbeans-8.1/platform/core/locale/org-netbeans-libs-asm_ru.jar:/home/user/netbeans-8.1/platform/core/locale/core_zh_CN.jar:/home/user/netbeans-8.1/platform/core/locale/org-openide-filesystems-compat8_pt_BR.jar:/home/user/netbeans-8.1/platform/core/locale/core-base_pt_BR.jar:/home/user/netbeans-8.1/platform/core/locale/core-base_ru.jar:/home/user/netbeans-8.1/platform/core/locale/org-openide-filesystems-compat8_ja.jar:/home/user/netbeans-8.1/platform/core/locale/org-netbeans-libs-asm_zh_CN.jar:/home/user/netbeans-8.1/platform/core/locale/org-openide-filesystems_ja.jar:/home/user/netbeans-8.1/platform/core/locale/core-base_ja.jar:/home/user/netbeans-8.1/platform/core/locale/org-netbeans-libs-asm_ja.jar:/home/user/netbeans-8.1/platform/core/locale/core_ja.jar:/home/user/netbeans-8.1/platform/core/locale/core_ru.jar:/home/user/netbeans-8.1/platform/core/locale/org-openide-filesystems_zh_CN.jar:/home/user/netbeans-8.1/platform/core/locale/org-netbeans-libs-asm_pt_BR.jar:/home/user/netbeans-8.1/nb/core/org-netbeans-upgrader.jar:/home/user/netbeans-8.1/nb/core/locale/core_nb_zh_CN.jar:/home/user/netbeans-8.1/nb/core/locale/core_nb_ru.jar:/home/user/netbeans-8.1/nb/core/locale/org-netbeans-upgrader_zh_CN.jar:/home/user/netbeans-8.1/nb/core/locale/org-netbeans-upgrader_ja.jar:/home/user/netbeans-8.1/nb/core/locale/org-netbeans-upgrader_ru.jar:/home/user/netbeans-8.1/nb/core/locale/org-netbeans-upgrader_pt_BR.jar:/home/user/netbeans-8.1/nb/core/locale/core_nb_ja.jar:/home/user/netbeans-8.1/nb/core/locale/core_nb_pt_BR.jar:/home/user/netbeans-8.1/nb/core/locale/core_nb.jar" />
    <property name="libs.cdc-agui-swing-layout.maven-pom" value="" />
    <property name="jnlp.enabled" value="false" />
    <property name="libs.cdc-pp-awt-layout.src" value="/home/user/.netbeans/8.1/sources/cdc-pp-awt-layout-src.zip" />
    <property name="java.vm.specification.version" value="1.8" />
    <property name="libs.jakarta_slide_ant_webdav.src" value="" />
    <property name="libs.hibernate4-support.src" value="" />
    <property name="libs.primefaces.classpath" value="/home/user/netbeans-8.1/enterprise/modules/ext/primefaces/primefaces-5.0.jar" />
    <property name="libs.javaee-api-6.0.classpath" value="/home/user/netbeans-8.1/enterprise/modules/ext/javaee-api-6.0.jar" />
    <property name="libs.sjmc-ant-utils.maven-pom" value="" />
    <property name="libs.groovy-all.maven-pom" value="" />
    <property name="libs.JMUnit4CLDC10.maven-pom" value="" />
    <property name="libs.JSSC.javadoc" value="/home/user/Downloads/Libraries/jSSC-2.6.0-Release/javadoc/jssc-2.6.0-javadoc.jar" />
    <property name="netbeans.productversion" value="NetBeans IDE 8.1 (Build 201510222201)" />
    <property name="javafx.preloader.class" value="" />
    <property name="libs.jaxws21.src" value="" />
    <property name="application.title" value="FxPicoConfig" />
    <property name="netbeans.autoupdate.language" value="en" />
    <property name="libs.jakarta_slide_ant_webdav.classpath" value="/home/user/.netbeans/8.1/modules/ext/commons-httpclient-3.0.1.jar:/home/user/netbeans-8.1/ide/modules/org-apache-commons-logging.jar:/home/user/.netbeans/8.1/modules/ext/jdom-1.0.jar:/home/user/.netbeans/8.1/modules/ext/jakarta-slide-webdavlib-2.1.jar:/home/user/.netbeans/8.1/modules/ext/jakarta-slide-ant-webdav-2.1.jar" />
    <property name="java.vendor" value="Oracle Corporation" />
    <property name="libs.JMUnit4CLDC10.src" value="" />
    <property name="libs.javaee-api-6.0.javadoc" value="/home/user/netbeans-8.1/enterprise/docs/javaee-doc-api.jar" />
    <property name="sun.font.fontmanager" value="sun.awt.X11FontManager" />
    <property name="jar.index.metainf" value="false" />
    <property name="libs.JSoup.classpath" value="/home/user/Downloads/Libraries/jsoup-1.9.1.jar" />
    <property name="javac.debug" value="true" />
    <property name="javadoc.splitindex" value="true" />
    <property name="file.separator" value="/" />
    <property name="libs.Apache_Commons_Pool.src" value="" />
    <property name="libs.Derby.maven-pom" value="" />
    <property name="javac.includesfile.binary" value="/home/user/NetBeansProjects/FxPicoConfig/null2117892514" />
    <property name="libs.junit_4.maven-pom" value="" />
    <property name="mkdist.disabled" value="false" />
    <property name="javac.test.processorpath" value="/usr/lib/jvm/jdk1.8.0_66/jre/lib/javaws.jar:/usr/lib/jvm/jdk1.8.0_66/jre/lib/deploy.jar:/usr/lib/jvm/jdk1.8.0_66/jre/lib/plugin.jar:${libs.Serial_JSSC.classpath}:/home/user/Downloads/Libraries/jSSC-2.6.0-Release/jssc.jar:build/classes:/home/user/netbeans-8.1/platform/modules/ext/junit-4.12.jar:/home/user/netbeans-8.1/platform/modules/ext/hamcrest-core-1.3.jar" />
    <property name="netbeans.buildnumber" value="201510222201" />
    <property name="libs.JWSAntTasks.javadoc" value="" />
    <property name="build.generated.sources.dir" value="build/generated-sources" />
    <property name="libs.eclipselinkmodelgen.classpath" value="/home/user/netbeans-8.1/java/modules/ext/eclipselink/org.eclipse.persistence.jpa.modelgen_2.5.2.v20140319-9ad6abd.jar" />
    <property name="libs.javaee-endorsed-api-7.0.src" value="" />
    <property name="sun.java.launcher" value="SUN_STANDARD" />
    <property name="libs.hibernate4-persistencemodelgen.javadoc" value="" />
    <property name="libs.jaxb.javadoc" value="/home/user/netbeans-8.1/ide/docs/jaxb-api-doc.zip" />
    <property name="libs.struts.classpath" value="/home/user/netbeans-8.1/enterprise/modules/ext/struts/antlr-2.7.2.jar:/home/user/netbeans-8.1/enterprise/modules/ext/struts/bsf-2.3.0.jar:/home/user/netbeans-8.1/enterprise/modules/ext/struts/commons-beanutils-1.8.0.jar:/home/user/netbeans-8.1/enterprise/modules/ext/struts/commons-chain-1.2.jar:/home/user/netbeans-8.1/enterprise/modules/ext/struts/commons-digester-1.8.jar:/home/user/netbeans-8.1/enterprise/modules/ext/struts/commons-fileupload-1.1.1.jar:/home/user/netbeans-8.1/enterprise/modules/ext/struts/commons-io-1.1.jar:/home/user/netbeans-8.1/enterprise/modules/ext/struts/commons-logging-1.0.4.jar:/home/user/netbeans-8.1/enterprise/modules/ext/struts/commons-validator-1.3.1.jar:/home/user/netbeans-8.1/enterprise/modules/ext/struts/jstl-1.0.2.jar:/home/user/netbeans-8.1/enterprise/modules/ext/struts/oro-2.0.8.jar:/home/user/netbeans-8.1/enterprise/modules/ext/struts/standard-1.0.6.jar:/home/user/netbeans-8.1/enterprise/modules/ext/struts/struts-core-1.3.10.jar:/home/user/netbeans-8.1/enterprise/modules/ext/struts/struts-el-1.3.10.jar:/home/user/netbeans-8.1/enterprise/modules/ext/struts/struts-extras-1.3.10.jar:/home/user/netbeans-8.1/enterprise/modules/ext/struts/struts-faces-1.3.10.jar:/home/user/netbeans-8.1/enterprise/modules/ext/struts/struts-mailreader-dao-1.3.10.jar:/home/user/netbeans-8.1/enterprise/modules/ext/struts/struts-scripting-1.3.10.jar:/home/user/netbeans-8.1/enterprise/modules/ext/struts/struts-taglib-1.3.10.jar:/home/user/netbeans-8.1/enterprise/modules/ext/struts/struts-tiles-1.3.10.jar" />
    <property name="javac.includes.binary" value="/home/user/NetBeansProjects/FxPicoConfig/build/test/classes/serial/SerialTest.class" />
    <property name="ant.home" value="/home/user/netbeans-8.1/extide/ant" />
    <property name="libs.junit_4.src" value="/home/user/netbeans-8.1/platform/docs/junit-4.12-sources.jar" />
    <property name="javafx.run.height" value="600" />
    <property name="libs.testng.classpath" value="/home/user/netbeans-8.1/platform/modules/ext/testng-6.8.1-dist.jar" />
    <property name="libs.absolutelayout.maven-pom" value="" />
    <property name="ant.java.version" value="1.8" />
    <property name="java.library.path" value="/usr/lib/jvm/jdk1.8.0_66/jre/lib/amd64:/usr/lib/jvm/jdk1.8.0_66/jre/lib/i386::/usr/java/packages/lib/amd64:/usr/lib64:/lib64:/lib:/usr/lib" />
    <property name="javadoc.author" value="false" />
    <property name="libs.metro.maven-pom" value="" />
    <property name="libs.Apache_Commons_Collections.javadoc" value="/home/user/Downloads/Libraries/commons-collections4-4.1/commons-collections4-4.1-javadoc.jar" />
    <property name="java.util.logging.config.class" value="org.netbeans.core.startup.TopLogging" />
    <property name="libs.Vertx_Core.javadoc" value="" />
    <property name="libs.spring-framework400.src" value="" />
    <property name="libs.PostgreSQLDriver.src" value="" />
    <property name="sun.arch.data.model" value="64" />
    <property name="basedir" value="/home/user/NetBeansProjects/FxPicoConfig" />
    <property name="libs.jpa20-persistence.maven-pom" value="" />
    <property name="jar.compress" value="false" />
    <property name="libs.javaee-web-api-7.0.classpath" value="/home/user/netbeans-8.1/enterprise/modules/ext/javaee-web-api-7.0.jar" />
    <property name="path.separator" value=":" />
    <property name="libs.javaee-web-api-6.0.javadoc" value="/home/user/netbeans-8.1/enterprise/docs/javaee-doc-api.jar" />
    <property name="ant.junit.enabletestlistenerevents" value="true" />
    <property name="sun.io.unicode.encoding" value="UnicodeLittle" />
    <property name="libs.semc-ant-utils.javadoc" value="" />
    <property name="libs.jaxws21.classpath" value="/home/user/netbeans-8.1/ide/modules/ext/jaxb/jaxb-impl.jar:/home/user/netbeans-8.1/ide/modules/ext/jaxb/jaxb-xjc.jar:/home/user/netbeans-8.1/java/modules/ext/jaxws22/FastInfoset.jar:/home/user/netbeans-8.1/java/modules/ext/jaxws22/gmbal-api-only.jar:/home/user/netbeans-8.1/java/modules/ext/jaxws22/ha-api.jar:/home/user/netbeans-8.1/java/modules/ext/jaxws22/javax.mail_1.4.jar:/home/user/netbeans-8.1/java/modules/ext/jaxws22/jaxws-rt.jar:/home/user/netbeans-8.1/java/modules/ext/jaxws22/jaxws-tools.jar:/home/user/netbeans-8.1/java/modules/ext/jaxws22/management-api.jar:/home/user/netbeans-8.1/java/modules/ext/jaxws22/mimepull.jar:/home/user/netbeans-8.1/java/modules/ext/jaxws22/policy.jar:/home/user/netbeans-8.1/java/modules/ext/jaxws22/saaj-impl.jar:/home/user/netbeans-8.1/java/modules/ext/jaxws22/stax-ex.jar:/home/user/netbeans-8.1/java/modules/ext/jaxws22/stax2-api.jar:/home/user/netbeans-8.1/java/modules/ext/jaxws22/streambuffer.jar:/home/user/netbeans-8.1/java/modules/ext/jaxws22/woodstox-core-asl.jar:/home/user/netbeans-8.1/java/modules/ext/jaxws22/api/jaxws-api.jar:/home/user/netbeans-8.1/java/modules/ext/jaxws22/api/jsr181-api.jar:/home/user/netbeans-8.1/java/modules/ext/jaxws22/api/javax.annotation.jar:/home/user/netbeans-8.1/java/modules/ext/jaxws22/api/saaj-api.jar:/home/user/netbeans-8.1/ide/modules/ext/jaxb/activation.jar:/home/user/netbeans-8.1/ide/modules/ext/jaxb/api/jaxb-api.jar:/home/user/netbeans-8.1/ide/modules/ext/jaxb/api/jsr173_1.0_api.jar" />
    <property name="libs.struts.src" value="" />
    <property name="compile.on.save" value="true" />
    <property name="apple.awt.graphics.UseQuartz" value="true" />
    <property name="user.language" value="en" />
    <property name="testng.mode" value="testng" />
    <property name="libs.Apache_Commons_Pool.maven-pom" value="" />
    <property name="libs.JAXB-ENDORSED.maven-pom" value="" />
    <property name="libs.eclipselink.maven-pom" value="" />
    <property name="libs.Vertx_Core.classpath" value="/home/user/Downloads/Libraries/vert.x-3.1.0/lib/vertx-core-3.1.0.jar:/home/user/Downloads/Libraries/vert.x-3.1.0/lib/vertx-jdbc-client-3.1.0.jar:/home/user/Downloads/Libraries/vert.x-3.1.0/lib/vertx-mail-client-3.1.0.jar" />
    <property name="ant.file.type.FXPicoConfig" value="file" />
    <property name="application.vendor" value="user" />
    <property name="test.binaryincludes" value="&lt;nothing&gt;" />
    <property name="manifest.available" value="true" />
    <property name="libs.primefaces.javadoc" value="" />
    <property name="libs.Apache_Commons_DBCP.classpath" value="/home/user/Downloads/Libraries/commons-dbcp2-2.1.1/commons-dbcp2-2.1.1.jar" />
    <property name="libs.spring-framework300.maven-pom" value="" />
    <property name="run.test.classpath" value="/usr/lib/jvm/jdk1.8.0_66/jre/lib/javaws.jar:/usr/lib/jvm/jdk1.8.0_66/jre/lib/deploy.jar:/usr/lib/jvm/jdk1.8.0_66/jre/lib/plugin.jar:${libs.Serial_JSSC.classpath}:/home/user/Downloads/Libraries/jSSC-2.6.0-Release/jssc.jar:build/classes:/home/user/netbeans-8.1/platform/modules/ext/junit-4.12.jar:/home/user/netbeans-8.1/platform/modules/ext/hamcrest-core-1.3.jar:build/test/classes" />
    <property name="ant.project.invoked-targets" value="test-single" />
    <property name="test.binaryexcludes" value="" />
    <property name="libs.swing-layout.javadoc" value="/home/user/netbeans-8.1/platform/docs/swing-layout-1.0.4-doc.zip" />
    <property name="sun.java2d.dpiaware" value="true" />
    <property name="libs.hibernate4-persistence.maven-pom" value="" />
    <property name="libs.DataBindingME-SVG.classpath" value="/home/user/netbeans-8.1/mobility/modules/ext/netbeans_databindingme_svg.jar" />
    <property name="https.nonProxyHosts" value="localhost|127.0.0.1|mini" />
    <property name="libs.PostgreSQLDriver.maven-pom" value="" />
    <property name="java.class.version" value="52.0" />
    <property name="libs.JAVADB_DRIVER_LABEL.classpath" value="/usr/lib/jvm/jdk1.8.0_66/db/lib/derby.jar:/usr/lib/jvm/jdk1.8.0_66/db/lib/derbyclient.jar:/usr/lib/jvm/jdk1.8.0_66/db/lib/derbynet.jar" />
    <property name="libs.Apache_Commons_DbUtils.javadoc" value="/home/user/Downloads/Libraries/commons-dbutils-1.6/commons-dbutils-1.6-javadoc.jar" />
    <property name="libs.hibernate4-persistencemodelgen.maven-pom" value="" />
    <property name="libs.javaee-endorsed-api-6.0.src" value="" />
    <property name="libs.JavaBerkley.javadoc" value="" />
    <property name="libs.cdc-ant-utils.classpath" value="/home/user/.netbeans/8.1/modules/ext/org-netbeans-modules-j2me-cdc-project.jar" />
    <property name="libs.eclipselink.javadoc" value="/home/user/netbeans-8.1/java/modules/ext/docs/javax.persistence-2.1.0-doc.zip" />
    <property name="libs.jsp-compilation.maven-pom" value="" />
    <property name="user.properties.file" value="/home/user/.netbeans/8.1/build.properties" />
    <property name="libs.HSQLDB.classpath" value="/home/user/Downloads/Libraries/hsqldb-2.3.3/hsqldb/lib/hsqldb.jar" />
    <property name="libs.Apache_Commons_Pool.javadoc" value="/home/user/Downloads/Libraries/commons-pool2-2.4.2/commons-pool2-2.4.2-javadoc.jar" />
    <property name="libs.JSSC.maven-pom" value="" />
    <property name="runtime.encoding" value="UTF-8" />
    <property name="javafx.rebase.libs" value="false" />
    <property name="libs.SQLite.javadoc" value="" />
    <property name="libs.javac-api.maven-pom" value="" />
    <property name="file.encoding.pkg" value="sun.io" />
    <property name="sun.cpu.endian" value="little" />
    <property name="libs.JAXB-ENDORSED.javadoc" value="" />
    <property name="libs.JWSAntTasks.classpath" value="/home/user/netbeans-8.1/java/ant/extra/org-netbeans-modules-javawebstart-anttasks.jar" />
    <property name="libs.spring-webmvc4.0.maven-pom" value="" />
    <property name="ant.file.FxPicoConfig-impl" value="/home/user/NetBeansProjects/FxPicoConfig/nbproject/build-impl.xml" />
    <property name="libs.spring-framework300.src" value="" />
    <property name="libs.ant-contrib.classpath" value="/home/user/.netbeans/8.1/modules/ext/ant-contrib-1.0b3.jar" />
    <property name="libs.jstl.src" value="" />
    <property name="libs.Apache_Commons_Net.maven-pom" value="" />
    <property name="empty.dir" value="/home/user/NetBeansProjects/FxPicoConfig/build/empty" />
    <property name="libs.Apache_POI.src" value="" />
    <property name="javafx.deploy.backgroundupdate" value="false" />
    <property name="javafx.disable.concurrent.runs" value="false" />
    <property name="version-output" value="java version &quot;1.8" />
    <property name="test.binarytestincludes" value="" />
    <property name="libs.hibernate4-persistencemodelgen.src" value="" />
    <property name="javafx.preloader.jar.path" value="" />
    <property name="javadoc.preview" value="true" />
    <property name="libs.jpa20-persistence.javadoc" value="/home/user/netbeans-8.1/java/modules/ext/docs/javax.persistence-2.1.0-doc.zip" />
    <property name="libs.Derby.javadoc" value="" />
    <property name="java.home" value="/usr/lib/jvm/jdk1.8.0_66/jre" />
    <property name="libs.ojec-ant-utils.javadoc" value="" />
    <property name="libs.jsp-compilation.src" value="" />
    <property name="libs.ant-contrib.javadoc" value="" />
    <property name="libs.H2.classpath" value="/home/user/Downloads/Libraries/h2/bin/h2-1.3.176.jar" />
    <property name="debug.test.classpath" value="/usr/lib/jvm/jdk1.8.0_66/jre/lib/javaws.jar:/usr/lib/jvm/jdk1.8.0_66/jre/lib/deploy.jar:/usr/lib/jvm/jdk1.8.0_66/jre/lib/plugin.jar:${libs.Serial_JSSC.classpath}:/home/user/Downloads/Libraries/jSSC-2.6.0-Release/jssc.jar:build/classes:/home/user/netbeans-8.1/platform/modules/ext/junit-4.12.jar:/home/user/netbeans-8.1/platform/modules/ext/hamcrest-core-1.3.jar:build/test/classes" />
    <property name="libs.javaee-endorsed-api-6.0.classpath" value="/home/user/netbeans-8.1/enterprise/modules/ext/javaee6-endorsed/javax.annotation.jar:/home/user/netbeans-8.1/enterprise/modules/ext/javaee6-endorsed/jaxb-api-osgi.jar:/home/user/netbeans-8.1/enterprise/modules/ext/javaee6-endorsed/webservices-api-osgi.jar" />
    <property name="libs.javaee-api-6.0.src" value="" />
    <property name="libs.Unfolding_Maps.src" value="" />
    <property name="netbeans.importclass" value="org.netbeans.upgrade.AutoUpgrade" />
    <property name="ant.project.default-target" value="default" />
    <property name="annotation.processing.run.all.processors" value="true" />
    <property name="libs.savaje-ant-utils.classpath" value="/home/user/.netbeans/8.1/modules/ext/org-netbeans-modules-j2me-cdc-project-savaje.jar" />
    <property name="jar.archive.disabled" value="true" />
    <property name="libs.DataBindingME.maven-pom" value="" />
    <property name="libs.PostgreSQLDriver.javadoc" value="" />
    <property name="libs.restlib.classpath" value="/home/user/netbeans-8.1/enterprise/modules/ext/jersey2/ext/asm-all-repackaged-2.2.0-b21.jar:/home/user/netbeans-8.1/enterprise/modules/ext/jersey2/ext/cglib-2.2.0-b21.jar:/home/user/netbeans-8.1/enterprise/modules/ext/jersey2/ext/guava-14.0.1.jar:/home/user/netbeans-8.1/enterprise/modules/ext/jersey2/ext/hk2-api-2.2.0-b21.jar:/home/user/netbeans-8.1/enterprise/modules/ext/jersey2/ext/hk2-locator-2.2.0-b21.jar:/home/user/netbeans-8.1/enterprise/modules/ext/jersey2/ext/hk2-utils-2.2.0-b21.jar:/home/user/netbeans-8.1/enterprise/modules/ext/jersey2/ext/javax.annotation-api-1.2.jar:/home/user/netbeans-8.1/enterprise/modules/ext/jersey2/ext/javax.inject-2.2.0-b21.jar:/home/user/netbeans-8.1/enterprise/modules/ext/jersey2/ext/javax.servlet-api-3.0.1.jar:/home/user/netbeans-8.1/enterprise/modules/ext/jersey2/ext/jaxb-api-2.2.7.jar:/home/user/netbeans-8.1/enterprise/modules/ext/jersey2/ext/jersey-entity-filtering-2.5.1.jar:/home/user/netbeans-8.1/enterprise/modules/ext/jersey2/ext/jersey-media-moxy-2.5.1.jar:/home/user/netbeans-8.1/enterprise/modules/ext/jersey2/ext/org.osgi.core-4.2.0.jar:/home/user/netbeans-8.1/enterprise/modules/ext/jersey2/ext/osgi-resource-locator-1.0.1.jar:/home/user/netbeans-8.1/enterprise/modules/ext/jersey2/ext/persistence-api-1.0.jar:/home/user/netbeans-8.1/enterprise/modules/ext/jersey2/ext/validation-api-1.1.0.Final.jar:/home/user/netbeans-8.1/enterprise/modules/ext/jersey2/jersey-client.jar:/home/user/netbeans-8.1/enterprise/modules/ext/jersey2/jersey-common.jar:/home/user/netbeans-8.1/enterprise/modules/ext/jersey2/jersey-container-servlet.jar:/home/user/netbeans-8.1/enterprise/modules/ext/jersey2/jersey-container-servlet-core.jar:/home/user/netbeans-8.1/enterprise/modules/ext/jersey2/jersey-server.jar:/home/user/netbeans-8.1/java/modules/ext/eclipselink/eclipselink.jar" />
    <property name="libs.Unfolding_Maps.javadoc" value="" />
    <property name="javafx.main.class" value="xenex.modem.view.Main" />
    <property name="libs.JMUnit4CLDC11.javadoc" value="/home/user/.netbeans/8.1/modules/docs/jmunit-1.2.1-api.zip" />
    <property name="libs.MySQLDriver.maven-pom" value="" />
    <property name="libs.Apache_Commons_DbUtils.src" value="" />
    <property name="libs.savaje-ant-utils.src" value="" />
    <property name="libs.hibernate4-persistence.javadoc" value="/home/user/netbeans-8.1/java/modules/ext/docs/javax.persistence-2.1.0-doc.zip" />
    <property name="javafx.application.implementation.version" value="1.0" />
    <property name="http.nonProxyHosts" value="localhost|127.0.0.1|mini" />
    <property name="libs.junit_4.javadoc" value="/home/user/netbeans-8.1/platform/docs/junit-4.12-javadoc.jar" />
    <property name="libs.javaee-web-api-6.0.maven-pom" value="" />
    <property name="libs.cdc-pp-awt-layout.classpath" value="/home/user/.netbeans/8.1/modules/ext/cdc-pp-awt-layout.jar" />
    <property name="run.classpath" value="dist/FxPicoConfig.jar:/usr/lib/jvm/jdk1.8.0_66/jre/lib/javaws.jar:/usr/lib/jvm/jdk1.8.0_66/jre/lib/deploy.jar:/usr/lib/jvm/jdk1.8.0_66/jre/lib/plugin.jar:${libs.Serial_JSSC.classpath}:/home/user/Downloads/Libraries/jSSC-2.6.0-Release/jssc.jar:build/classes" />
    <property name="libs.cdc-agui-swing-layout.src" value="/home/user/.netbeans/8.1/sources/cdc-agui-swing-layout-src.zip" />
    <property name="jna.boot.library.name" value="jnidispatch-410" />
    <property name="libs.javaee-api-7.0.classpath" value="/home/user/netbeans-8.1/enterprise/modules/ext/javaee-api-7.0.jar" />
    <property name="libs.javaee-endorsed-api-6.0.javadoc" value="/home/user/netbeans-8.1/enterprise/docs/javaee-doc-api.jar" />
    <property name="libs.JMUnit4CLDC11.classpath" value="/home/user/.netbeans/8.1/modules/ext/jmunit4cldc11-1.2.1.jar" />
    <property name="sun.awt.datatransfer.timeout" value="1000" />
    <property name="libs.spring-webmvc3.0.javadoc" value="" />
    <property name="libs.jpa2-persistence.maven-pom" value="" />
    <property name="libs.Apache_HttpComponents.javadoc" value="" />
    <property name="annotation.processing.enabled.in.editor" value="false" />
    <property name="libs.hibernate4-support.classpath" value="/home/user/netbeans-8.1/java/modules/ext/hibernate4/antlr-2.7.7.jar:/home/user/netbeans-8.1/java/modules/ext/hibernate4/c3p0-0.9.2.1.jar:/home/user/netbeans-8.1/java/modules/ext/hibernate4/hibernate-c3p0-4.3.1.Final.jar:/home/user/netbeans-8.1/java/modules/ext/hibernate4/mchange-commons-java-0.2.3.4.jar:/home/user/netbeans-8.1/java/modules/ext/hibernate4/dom4j-1.6.1.jar:/home/user/netbeans-8.1/java/modules/ext/hibernate4/ehcache-core-2.4.3.jar:/home/user/netbeans-8.1/java/modules/ext/hibernate4/hibernate-ehcache-4.3.1.Final.jar:/home/user/netbeans-8.1/java/modules/ext/hibernate4/hibernate-core-4.3.1.Final.jar:/home/user/netbeans-8.1/java/modules/ext/hibernate4/jboss-logging-3.1.3.GA.jar:/home/user/netbeans-8.1/java/modules/ext/hibernate4/hibernate-commons-annotations-4.0.4.Final.jar:/home/user/netbeans-8.1/java/modules/ext/hibernate4/hibernate-entitymanager-4.3.1.Final.jar:/home/user/netbeans-8.1/java/modules/ext/hibernate4/javassist-3.18.1-GA.jar:/home/user/netbeans-8.1/java/modules/ext/hibernate4/jboss-transaction-api_1.2_spec-1.0.0.Final.jar:/home/user/netbeans-8.1/java/modules/ext/hibernate4/slf4j-api-1.6.1.jar:/home/user/netbeans-8.1/java/modules/ext/hibernate4/slf4j-simple-1.6.1.jar" />
    <property name="libs.Unfolding_Maps.classpath" value="/home/user/NetBeansProjects/unfolding_app_template_0.9.6/lib/core.jar:/home/user/NetBeansProjects/unfolding_app_template_0.9.6/lib/gluegen-rt-natives-linux-amd64.jar:/home/user/NetBeansProjects/unfolding_app_template_0.9.6/lib/gluegen-rt.jar:/home/user/NetBeansProjects/unfolding_app_template_0.9.6/lib/jogl-all-natives-linux-amd64.jar:/home/user/NetBeansProjects/unfolding_app_template_0.9.6/lib/jogl-all.jar:/home/user/NetBeansProjects/unfolding_app_template_0.9.6/lib/json4processing.jar:/home/user/NetBeansProjects/unfolding_app_template_0.9.6/lib/libTUIO.jar:/home/user/NetBeansProjects/unfolding_app_template_0.9.6/lib/sqlite-jdbc-3.7.2.jar:/home/user/NetBeansProjects/unfolding_app_template_0.9.6/lib/unfolding.0.9.6.jar:/home/user/NetBeansProjects/unfolding_app_template_0.9.6/lib/log4j-1.2.15.jar" />
    <property name="libs.SQLite.src" value="" />
    <property name="libs.semc-ant-utils.maven-pom" value="" />
    <property name="nb.native.filechooser" value="false" />
    <property name="libs.restapi.src" value="" />
    <property name="libs.j2me_common_ant.javadoc" value="" />
    <property name="sun.management.compiler" value="HotSpot 64-Bit Tiered Compilers" />
    <property name="javac.deprecation" value="false" />
    <property name="libs.Lombok.javadoc" value="" />
    <property name="javadoc.use" value="true" />
    <property name="sun.java2d.noddraw" value="true" />
    <property name="libs.jsp-compiler.classpath" value="/home/user/netbeans-8.1/enterprise/ant/extra/jspcompile.jar" />
    <property name="libs.hamcrest.maven-pom" value="" />
    <property name="javac.processorpath" value="/usr/lib/jvm/jdk1.8.0_66/jre/lib/javaws.jar:/usr/lib/jvm/jdk1.8.0_66/jre/lib/deploy.jar:/usr/lib/jvm/jdk1.8.0_66/jre/lib/plugin.jar:${libs.Serial_JSSC.classpath}:/home/user/Downloads/Libraries/jSSC-2.6.0-Release/jssc.jar" />
    <property name="javac.compilerargs" value="" />
    <property name="ant.file" value="/home/user/NetBeansProjects/FxPicoConfig/build.xml" />
    <property name="libs.beans-binding.maven-pom" value="" />
    <property name="libs.hibernate4-support.javadoc" value="/home/user/netbeans-8.1/java/modules/ext/docs/javax.persistence-2.1.0-doc.zip" />
    <property name="libs.jsf12.classpath" value="/home/user/netbeans-8.1/enterprise/modules/ext/jsf-1_2/commons-beanutils.jar:/home/user/netbeans-8.1/enterprise/modules/ext/jsf-1_2/commons-collections.jar:/home/user/netbeans-8.1/enterprise/modules/ext/jsf-1_2/commons-digester.jar:/home/user/netbeans-8.1/enterprise/modules/ext/jsf-1_2/commons-logging.jar:/home/user/netbeans-8.1/enterprise/modules/ext/jsf-1_2/jsf-api.jar:/home/user/netbeans-8.1/enterprise/modules/ext/jsf-1_2/jsf-impl.jar" />
    <property name="libs.Derby.classpath" value="/usr/lib/jvm/jdk/db/lib/derby.jar" />
    <property name="libs.jstl.maven-pom" value="" />
    <property name="libs.restapi.maven-pom" value="" />
    <property name="libs.beans-binding.src" value="" />
    <property name="javafx.signing.type" value="notsigned" />
    <property name="libs.DataBindingME-PIM.javadoc" value="/home/user/netbeans-8.1/mobility/modules/docs/netbeans_databindingme_pim-api.zip" />
    <property name="java.vm.specification.vendor" value="Oracle Corporation" />
    <property name="libs.swing-layout.src" value="/home/user/netbeans-8.1/platform/docs/swing-layout-1.0.4-src.zip" />
    <property name="libs.j2me_ant_ext.src" value="" />
    <property name="org.openide.major.version" value="IDE/1" />
    <property name="java.vm.name" value="Java HotSpot(TM) 64-Bit Server VM" />
    <property name="javafx.preloader.jar.filename" value="" />
    <property name="netbeans.user" value="/home/user/.netbeans/8.1" />
    <property name="javadoc.additionalparam" value="" />
    <property name="java.vendor.url" value="http://java.oracle.com/" />
    <property name="java.io.tmpdir" value="/tmp" />
    <property name="junit.available" value="true" />
    <property name="endorsed.classpath.cmd.line.arg" value="" />
    <property name="libs.Apache_Commons_Math.maven-pom" value="" />
    <property name="libs.jsp-compiler.src" value="" />
    <property name="libs.Derby.src" value="" />
    <property name="org.openide.awt.ActionReference.completion" value="org.netbeans.modules.apisupport.project.layers.PathCompletions" />
    <property name="sun.boot.library.path" value="/usr/lib/jvm/jdk1.8.0_66/jre/lib/amd64" />
    <property name="libs.SQLite.classpath" value="/home/user/Downloads/sqlite-jdbc-3.8.11.2.jar" />
    <property name="have.sources" value="true" />
    <property name="libs.hamcrest.javadoc" value="" />
    <property name="debug.classpath" value="dist/FxPicoConfig.jar:/usr/lib/jvm/jdk1.8.0_66/jre/lib/javaws.jar:/usr/lib/jvm/jdk1.8.0_66/jre/lib/deploy.jar:/usr/lib/jvm/jdk1.8.0_66/jre/lib/plugin.jar:${libs.Serial_JSSC.classpath}:/home/user/Downloads/Libraries/jSSC-2.6.0-Release/jssc.jar:build/classes" />
    <property name="javadoc.private" value="false" />
    <property name="javac.external.vm" value="false" />
    <property name="test.src.dir" value="test" />
    <property name="libs.Apache_Commons_IO.maven-pom" value="" />
    <property name="libs.jsf20.classpath" value="/home/user/netbeans-8.1/enterprise/modules/ext/jsf-2_2/javax.faces.jar" />
    <property name="ap.processors.internal" value="" />
    <property name="meta.inf.dir" value="src/META-INF" />
    <property name="libs.JavaBerkley.maven-pom" value="" />
    <property name="libs.Apache_Commons_Math.src" value="" />
    <property name="javadoc.encoding.used" value="UTF-8" />
    <property name="libs.DataBindingME-SVG.src" value="/home/user/netbeans-8.1/mobility/sources/netbeans_databindingme_svg-src.zip" />
    <property name="libs.Apache_Commons_Collections.maven-pom" value="" />
    <property name="dist.jar" value="dist/FxPicoConfig.jar" />
    <property name="libs.spring-framework400.maven-pom" value="" />
    <property name="java.runtime.name" value="Java(TM) SE Runtime Environment" />
    <property name="ant.project.name" value="FXPicoConfig" />
    <property name="libs.Apache_Commons_Pool.classpath" value="/home/user/Downloads/Libraries/commons-pool2-2.4.2/commons-pool2-2.4.2.jar" />
    <property name="libs.Apache_Commons_Net.javadoc" value="" />
    <property name="netbeans.hash.code" value="unique=NB_CND_EXTIDE_GROOVY_JAVA_MOB_PHP_WEBCOMMON_WEBEE04e333cad-5ba6-460d-936b-fb8357a6291d_b09d952f-8b8a-4b7b-94e5-dcf19c89adbc" />
    <property name="libs.jsp-compilation-syscp.maven-pom" value="" />
    <property name="netbeans.default_userdir_root" value="/home/user/.netbeans" />
    <property name="sun.cpu.isalist" value="" />
    <property name="libs.j2me_ant_ext.maven-pom" value="" />
    <property name="libs.CopyLibs.javadoc" value="" />
    <property name="libs.spring-framework400.javadoc" value="" />
    <property name="org.openide.specification.version" value="6.2" />
    <property name="ant.file.type.FxPicoConfig-impl" value="file" />
    <property name="javafx.classpath.extension" value="/usr/lib/jvm/jdk1.8.0_66/jre/lib/javaws.jar:/usr/lib/jvm/jdk1.8.0_66/jre/lib/deploy.jar:/usr/lib/jvm/jdk1.8.0_66/jre/lib/plugin.jar" />
    <property name="libs.DataBindingME-PIM.classpath" value="/home/user/netbeans-8.1/mobility/modules/ext/netbeans_databindingme_pim.jar" />
    <property name="user.home" value="/home/user" />
    <property name="annotation.processing.processors.list" value="" />
    <property name="debug-args-line" value="-Xdebug" />
    <property name="libs.primefaces.maven-pom" value="" />
    <property name="libs.javaee-api-6.0.maven-pom" value="" />
    <property name="libs.JWSAntTasks.src" value="" />
    <property name="libs.CopyLibs.maven-pom" value="" />
    <property name="jar.index" value="false" />
    <property name="libs.absolutelayout.javadoc" value="" />
    <property name="libs.spring-framework300.javadoc" value="" />
    <property name="java.specification.name" value="Java Platform API Specification" />
    <property name="libs.jakarta_slide_ant_webdav.maven-pom" value="" />
    <property name="libs.sjmc-ant-utils.src" value="" />
    <property name="java.specification.vendor" value="Oracle Corporation" />
    <property name="libs.cdc-agui-swing-layout.javadoc" value="" />
    <property name="libs.javac-api.classpath" value="/home/user/netbeans-8.1/java/modules/ext/nb-javac-api.jar" />
    <property name="java.version" value="1.8.0_66" />
    <property name="libs.nokiaS80-ant-utils.classpath" value="/home/user/.netbeans/8.1/modules/ext/org-netbeans-modules-j2me-cdc-project-nokiaS80.jar" />
    <property name="libs.JSoup.maven-pom" value="" />
    <property name="run.jvmargs.ide" value="" />
    <property name="javadoc.version" value="false" />
    <property name="libs.MySQLDriver.javadoc" value="" />
    <property name="org.openide.version" value="deprecated" />
    <property name="libs.Lombok.classpath" value="/home/user/Downloads/Libraries/lombok.jar" />
    <property name="platform.java" value="/usr/lib/jvm/jdk1.8.0_66/jre/bin/java" />
    <property name="source.encoding" value="UTF-8" />
    <property name="ap.cmd.line.internal" value="" />
    <property name="libs.eclipselinkmodelgen.maven-pom" value="" />
    <property name="libs.jsp-compilation-syscp.javadoc" value="" />
    <property name="libs.Apache_Commons_Net.classpath" value="" />
    <property name="ant.file.type.jfx-impl" value="file" />
    <property name="libs.javaee-endorsed-api-7.0.classpath" value="/home/user/netbeans-8.1/enterprise/modules/ext/javaee7-endorsed/javax.annotation-api.jar:/home/user/netbeans-8.1/enterprise/modules/ext/javaee7-endorsed/javax.xml.soap-api.jar:/home/user/netbeans-8.1/enterprise/modules/ext/javaee7-endorsed/jaxb-api-osgi.jar:/home/user/netbeans-8.1/enterprise/modules/ext/javaee7-endorsed/jaxws-api.jar:/home/user/netbeans-8.1/enterprise/modules/ext/javaee7-endorsed/jsr181-api.jar" />
    <property name="libs.eclipselinkmodelgen.javadoc" value="" />
    <property name="libs.HSQLDB.javadoc" value="" />
    <property name="libs.metro.javadoc" value="/home/user/netbeans-8.1/enterprise/docs/metro-1.4-doc.zip" />
    <property name="libs.struts.maven-pom" value="" />
    <property name="ant.file.jfx-impl" value="/home/user/NetBeansProjects/FxPicoConfig/nbproject/jfx-impl.xml" />
    <property name="netbeans.home+have.tests" value="true" />
    <property name="javafx.deploy.adddesktopshortcut" value="false" />
    <property name="annotation.processing.processor.options" value="" />
    <property name="libs.testng.maven-pom" value="" />
    <property name="libs.jaxb.src" value="" />
    <property name="libs.cdc-ant-utils.src" value="" />
    <property name="work.dir" value="/home/user/NetBeansProjects/FxPicoConfig" />
    <property name="compile.on.save.unsupported.javafx" value="true" />
    <property name="libs.jaxb.classpath" value="/home/user/netbeans-8.1/ide/modules/ext/jaxb/jaxb-impl.jar:/home/user/netbeans-8.1/ide/modules/ext/jaxb/jaxb-xjc.jar:/home/user/netbeans-8.1/ide/modules/ext/jaxb/jaxb1-impl.jar:/home/user/netbeans-8.1/ide/modules/ext/jaxb/activation.jar:/home/user/netbeans-8.1/ide/modules/ext/jaxb/api/jaxb-api.jar:/home/user/netbeans-8.1/ide/modules/ext/jaxb/api/jsr173_1.0_api.jar" />
    <property name="do.depend" value="false" />
    <property name="scala.class.path" value="" />
    <property name="libs.Apache_HttpComponents.classpath" value="/home/user/Downloads/Libraries/httpcomponents-asyncclient-4.1.1/lib/commons-codec-1.9.jar:/home/user/Downloads/Libraries/httpcomponents-asyncclient-4.1.1/lib/commons-logging-1.2.jar:/home/user/Downloads/Libraries/httpcomponents-asyncclient-4.1.1/lib/httpasyncclient-4.1.1.jar:/home/user/Downloads/Libraries/httpcomponents-asyncclient-4.1.1/lib/httpasyncclient-cache-4.1.1.jar:/home/user/Downloads/Libraries/httpcomponents-asyncclient-4.1.1/lib/httpclient-4.5.1.jar:/home/user/Downloads/Libraries/httpcomponents-asyncclient-4.1.1/lib/httpclient-cache-4.5.1.jar:/home/user/Downloads/Libraries/httpcomponents-asyncclient-4.1.1/lib/httpcore-4.4.4.jar:/home/user/Downloads/Libraries/httpcomponents-asyncclient-4.1.1/lib/httpcore-nio-4.4.4.jar" />
    <property name="dist.javadoc.dir" value="dist/javadoc" />
    <property name="libs.Apache_POI.classpath" value="/home/user/Downloads/Libraries/poi-3.13/poi-3.13-20150929.jar:/home/user/Downloads/Libraries/poi-3.13/poi-ooxml-3.13-20150929.jar:/home/user/Downloads/Libraries/poi-3.13/poi-ooxml-schemas-3.13-20150929.jar:/home/user/Downloads/Libraries/poi-3.13/ooxml-lib/xmlbeans-2.6.0.jar" />
    <property name="libs.j2me_common_ant.classpath" value="/home/user/netbeans-8.1/mobility/modules/org-netbeans-modules-j2me-common-ant.jar:/home/user/netbeans-8.1/java/modules/org-netbeans-modules-classfile.jar" />
    <property name="libs.swing-layout.classpath" value="/home/user/netbeans-8.1/platform/modules/ext/swing-layout-1.0.4.jar" />
    <property name="libs.spring-webmvc3.0.classpath" value="/home/user/netbeans-8.1/java/modules/ext/spring-3.0/spring-webmvc-3.2.7.RELEASE.jar" />
    <property name="libs.javaee-web-api-7.0.maven-pom" value="" />
    <property name="libs.restlib.src" value="" />
    <property name="javac.source" value="1.8" />
    <property name="build.generated.dir" value="build/generated" />
    <property name="javafx.fallback.class" value="com.javafx.main.NoJavaFXFallback" />
    <property name="libs.Apache_Commons_Lang.javadoc" value="/home/user/Downloads/Libraries/commons-lang3-3.4/commons-lang3-3.4-javadoc.jar" />
    <property name="libs.Apache_Commons_Lang.maven-pom" value="" />
    <property name="line.separator" value="&#xa;" />
    <property name="java.specification.version" value="1.8" />
    <property name="libs.jaxws21.maven-pom" value="" />
    <property name="java.vm.info" value="mixed mode" />
    <property name="libs.cdc-ant-utils.javadoc" value="" />
    <property name="nb.junit.batch" value="true" />
    <property name="junit.forkmode" value="perTest" />
    <property name="libs.ojec-ant-utils.classpath" value="/home/user/.netbeans/8.1/modules/ext/org-netbeans-modules-j2me-cdc-project-ojec.jar" />
    <property name="sun.boot.class.path" value="/usr/lib/jvm/jdk1.8.0_66/jre/lib/resources.jar:/usr/lib/jvm/jdk1.8.0_66/jre/lib/rt.jar:/usr/lib/jvm/jdk1.8.0_66/jre/lib/sunrsasign.jar:/usr/lib/jvm/jdk1.8.0_66/jre/lib/jsse.jar:/usr/lib/jvm/jdk1.8.0_66/jre/lib/jce.jar:/usr/lib/jvm/jdk1.8.0_66/jre/lib/charsets.jar:/usr/lib/jvm/jdk1.8.0_66/jre/lib/jfr.jar:/usr/lib/jvm/jdk1.8.0_66/jre/classes" />
    <property name="libs.Apache_Commons_DbUtils.classpath" value="/home/user/Downloads/Libraries/commons-dbutils-1.6/commons-dbutils-1.6.jar" />
    <property name="javac.target" value="1.8" />
    <property name="built-jar.properties" value="/home/user/NetBeansProjects/FxPicoConfig/build/built-jar.properties" />
    <property name="libs.Apache_Commons_DBCP.maven-pom" value="" />
    <property name="build.test.classes.dir" value="build/test/classes" />
    <property name="javafx.deploy.permissionselevated" value="false" />
    <property name="src.dir" value="src" />
    <property name="libs.jpa2-persistence.src" value="" />
    <property name="annotation.processing.enabled" value="true" />
    <property name="libs.jsf20.src" value="" />
    <property name="libs.jpa20-persistence.src" value="" />
    <property name="libs.DataBindingME-SVG.maven-pom" value="" />
    <property name="libs.H2.javadoc" value="" />
    <property name="libs.jsf12.src" value="" />
    <property name="libs.savaje-ant-utils.javadoc" value="" />
    <property name="libs.JAVADB_DRIVER_LABEL.maven-pom" value="" />
    <property name="libs.struts.javadoc" value="/home/user/netbeans-8.1/enterprise/docs/struts-1.3.10-javadoc.zip" />
    <property name="javafx.enable.concurrent.external.runs" value="false" />
    <property name="libs.cdc-ant-utils.maven-pom" value="" />
    <property name="libs.javaee-web-api-7.0.src" value="" />
    <property name="libs.primefaces.src" value="" />
    <property name="javafx.deploy.embedJNLP" value="true" />
    <property name="libs.H2.src" value="" />
    <property name="libs.cdc-agui-swing-layout.classpath" value="/home/user/.netbeans/8.1/modules/ext/cdc-agui-swing-layout.jar" />
    <property name="dist.dir" value="dist" />
    <property name="libs.groovy-all.javadoc" value="" />
    <property name="libs.HSQLDB.maven-pom" value="" />
    <property name="testng.debug.mode" value="" />
    <property name="libs.groovy-all.classpath" value="/home/user/netbeans-8.1/groovy/modules/ext/groovy-all.jar" />
    <property name="javac.fork" value="false" />
    <property name="libs.sjmc-ant-utils.classpath" value="/home/user/.netbeans/8.1/modules/ext/org-netbeans-modules-j2me-cdc-project-sjmc.jar" />
    <property name="java.awt.printerjob" value="sun.print.PSPrinterJob" />
    <property name="libs.JMUnit4CLDC10.classpath" value="/home/user/.netbeans/8.1/modules/ext/jmunit4cldc10-1.2.1.jar" />
    <property name="default.javac.source" value="1.8" />
    <property name="libs.JavaBerkley.src" value="" />
    <property name="debug-transport-by-os" value="dt_socket" />
    <property name="sun.jnu.encoding" value="UTF-8" />
    <property name="libs.MySQLDriver.src" value="" />
    <property name="libs.ant-contrib.maven-pom" value="" />
    <property name="java.runtime.version" value="1.8.0_66-b17" />
    <property name="build.test.results.dir" value="build/test/results" />
    <property name="jna.platform.library.path" value="/usr/lib/x86_64-linux-gnu:/lib/x86_64-linux-gnu:/lib64:/usr/lib:/lib" />
    <property name="libs.sjmc-ant-utils.javadoc" value="" />
    <property name="native.bundling.enabled" value="false" />
    <property name="javafx.deploy.disable.proxy" value="false" />
    <property name="default.javac.target" value="1.8" />
    <property name="libs.junit_4.classpath" value="/home/user/netbeans-8.1/platform/modules/ext/junit-4.12.jar" />
    <property name="user.timezone" value="" />
    <property name="nb.junit.single" value="false" />
    <property name="libs.H2.maven-pom" value="" />
    <property name="libs.JAVADB_DRIVER_LABEL.javadoc" value="" />
    <property name="libs.javaee-endorsed-api-6.0.maven-pom" value="" />
    <property name="libs.ant-contrib.src" value="" />
    <property name="netbeans.dirs" value="/home/user/netbeans-8.1/nb:/home/user/netbeans-8.1/ergonomics:/home/user/netbeans-8.1/ide:/home/user/netbeans-8.1/extide:/home/user/netbeans-8.1/java:/home/user/netbeans-8.1/apisupport:/home/user/netbeans-8.1/webcommon:/home/user/netbeans-8.1/websvccommon:/home/user/netbeans-8.1/enterprise:/home/user/netbeans-8.1/mobility:/home/user/netbeans-8.1/profiler:/home/user/netbeans-8.1/python:/home/user/netbeans-8.1/php:/home/user/netbeans-8.1/identity:/home/user/netbeans-8.1/harness:/home/user/netbeans-8.1/cnd:/home/user/netbeans-8.1/cndext:/home/user/netbeans-8.1/dlight:/home/user/netbeans-8.1/groovy:/home/user/netbeans-8.1/extra:/home/user/netbeans-8.1/javacard:/home/user/netbeans-8.1/javafx:/home/user/netbeans-8.1/nbscala:" />
    <property name="libs.jsf20.javadoc" value="/home/user/netbeans-8.1/enterprise/docs/javaee-doc-api.jar" />
    <property name="libs.jstl.javadoc" value="/home/user/netbeans-8.1/enterprise/docs/javaee-doc-api.jar" />
    <property name="java.ext.dirs" value="/usr/lib/jvm/jdk1.8.0_66/jre/lib/ext:/usr/java/packages/lib/ext" />
    <property name="libs.metro.src" value="" />
    <property name="libs.savaje-ant-utils.maven-pom" value="" />
    <property name="endorsed.classpath" value="" />
    <property name="libs.semc-ant-utils.src" value="" />
    <property name="libs.absolutelayout.classpath" value="/home/user/netbeans-8.1/java/modules/ext/AbsoluteLayout.jar" />
    <property name="excludes" value="" />
    <property name="libs.restlib.maven-pom" value="" />
    <property name="libs.metro.classpath" value="/home/user/netbeans-8.1/ide/modules/ext/jaxb/activation.jar:/home/user/netbeans-8.1/enterprise/modules/ext/metro/webservices-api.jar:/home/user/netbeans-8.1/enterprise/modules/ext/metro/webservices-extra-api.jar:/home/user/netbeans-8.1/enterprise/modules/ext/metro/webservices-extra.jar:/home/user/netbeans-8.1/enterprise/modules/ext/metro/webservices-rt.jar:/home/user/netbeans-8.1/enterprise/modules/ext/metro/webservices-tools.jar" />
    <property name="libs.jpa2-persistence.javadoc" value="/home/user/netbeans-8.1/java/modules/ext/docs/javax.persistence-2.1.0-doc.zip" />
    <property name="libs.DataBindingME.javadoc" value="/home/user/netbeans-8.1/mobility/modules/docs/netbeans_databindingme-api.zip" />
    <property name="apple.laf.useScreenMenuBar" value="true" />
    <property name="java.class.path" value="/usr/lib/jvm/jdk1.8.0_66/jre/lib/javaws.jar:/usr/lib/jvm/jdk1.8.0_66/jre/lib/deploy.jar:/usr/lib/jvm/jdk1.8.0_66/jre/lib/plugin.jar:/home/user/Downloads/Libraries/jSSC-2.6.0-Release/jssc.jar:/home/user/NetBeansProjects/FxPicoConfig/build/classes:/home/user/netbeans-8.1/platform/modules/ext/junit-4.12.jar:/home/user/netbeans-8.1/platform/modules/ext/hamcrest-core-1.3.jar:/home/user/NetBeansProjects/FxPicoConfig/build/test/classes:/home/user/netbeans-8.1/extide/ant/lib/ant-launcher.jar:/home/user/netbeans-8.1/extide/ant/lib/ant.jar:/home/user/netbeans-8.1/extide/ant/lib/ant-junit.jar:/home/user/netbeans-8.1/extide/ant/lib/ant-junit4.jar" />
    <property name="libs.JSSC.src" value="/home/user/Downloads/Libraries/jSSC-2.6.0-Release/src/jssc-2.6.0-src.jar" />
    <property name="libs.Apache_Commons_IO.javadoc" value="" />
    <property name="libs.absolutelayout.src" value="" />
    <property name="libs.jpa20-persistence.classpath" value="/home/user/netbeans-8.1/java/modules/ext/eclipselink/javax.persistence_2.1.0.v201304241213.jar" />
    <property name="libs.cdc-pp-awt-layout.maven-pom" value="" />
    <property name="os.version" value="3.13.0-24-generic" />
    <property name="application.args" value="" />
    <property name="manifest.custom.permissions" value="" />
    <property name="libs.javaee-api-7.0.maven-pom" value="" />
    <property name="libs.JMUnit4CLDC11.maven-pom" value="" />
    <property name="sun.awt.enableExtraMouseButtons" value="true" />
    <property name="main.class.available" value="true" />
    <property name="sun.desktop" value="gnome" />
    <property name="libs.hibernate4-persistence.src" value="" />
    <property name="libs.hibernate4-support.maven-pom" value="" />
    <property name="libs.Unfolding_Maps.maven-pom" value="" />
    <property name="libs.restlib.javadoc" value="" />
    <property name="javafx.deploy.allowoffline" value="true" />
    <property name="libs.JAXB-ENDORSED.classpath" value="/home/user/netbeans-8.1/ide/modules/ext/jaxb/api/jaxb-api.jar" />
    <property name="nb.internal.action.name" value="run.single" />
    <property name="libs.javaee-api-7.0.javadoc" value="/home/user/netbeans-8.1/enterprise/docs/javaee-doc-api.jar" />
    <property name="libs.eclipselink.classpath" value="/home/user/netbeans-8.1/java/modules/ext/eclipselink/eclipselink.jar:/home/user/netbeans-8.1/java/modules/ext/eclipselink/javax.persistence_2.1.0.v201304241213.jar:/home/user/netbeans-8.1/java/modules/ext/eclipselink/org.eclipse.persistence.jpa.jpql_2.5.2.v20140319-9ad6abd.jar" />
    <property name="libs.beans-binding.javadoc" value="/home/user/netbeans-8.1/java/docs/beansbinding-1.2.1-doc.zip" />
    <property name="java.awt.graphicsenv" value="sun.awt.X11GraphicsEnvironment" />
    <property name="libs.JSoup.src" value="" />
    <property name="java.vm.vendor" value="Oracle Corporation" />
    <property name="libs.CopyLibs.classpath" value="/home/user/netbeans-8.1/java/ant/extra/org-netbeans-modules-java-j2seproject-copylibstask.jar" />
    <property name="libs.spring-framework300.classpath" value="/home/user/netbeans-8.1/ide/modules/org-apache-commons-logging.jar:/home/user/netbeans-8.1/java/modules/ext/cglib-2.2.jar:/home/user/netbeans-8.1/java/modules/ext/spring-3.0/spring-aop-3.2.7.RELEASE.jar:/home/user/netbeans-8.1/java/modules/ext/spring-3.0/spring-aspects-3.2.7.RELEASE.jar:/home/user/netbeans-8.1/java/modules/ext/spring-3.0/spring-beans-3.2.7.RELEASE.jar:/home/user/netbeans-8.1/java/modules/ext/spring-3.0/spring-build-src-3.2.7.RELEASE.jar:/home/user/netbeans-8.1/java/modules/ext/spring-3.0/spring-context-3.2.7.RELEASE.jar:/home/user/netbeans-8.1/java/modules/ext/spring-3.0/spring-context-support-3.2.7.RELEASE.jar:/home/user/netbeans-8.1/java/modules/ext/spring-3.0/spring-core-3.2.7.RELEASE.jar:/home/user/netbeans-8.1/java/modules/ext/spring-3.0/spring-expression-3.2.7.RELEASE.jar:/home/user/netbeans-8.1/java/modules/ext/spring-3.0/spring-framework-bom-3.2.7.RELEASE.jar:/home/user/netbeans-8.1/java/modules/ext/spring-3.0/spring-instrument-3.2.7.RELEASE.jar:/home/user/netbeans-8.1/java/modules/ext/spring-3.0/spring-instrument-tomcat-3.2.7.RELEASE.jar:/home/user/netbeans-8.1/java/modules/ext/spring-3.0/spring-jdbc-3.2.7.RELEASE.jar:/home/user/netbeans-8.1/java/modules/ext/spring-3.0/spring-jms-3.2.7.RELEASE.jar:/home/user/netbeans-8.1/java/modules/ext/spring-3.0/spring-orm-3.2.7.RELEASE.jar:/home/user/netbeans-8.1/java/modules/ext/spring-3.0/spring-oxm-3.2.7.RELEASE.jar:/home/user/netbeans-8.1/java/modules/ext/spring-3.0/spring-struts-3.2.7.RELEASE.jar:/home/user/netbeans-8.1/java/modules/ext/spring-3.0/spring-test-3.2.7.RELEASE.jar:/home/user/netbeans-8.1/java/modules/ext/spring-3.0/spring-tx-3.2.7.RELEASE.jar:/home/user/netbeans-8.1/java/modules/ext/spring-3.0/spring-web-3.2.7.RELEASE.jar:/home/user/netbeans-8.1/java/modules/ext/spring-3.0/spring-webmvc-3.2.7.RELEASE.jar:/home/user/netbeans-8.1/java/modules/ext/spring-3.0/spring-webmvc-portlet-3.2.7.RELEASE.jar" />
    <property name="libs.jsp-compiler.maven-pom" value="" />
    <property name="libs.hamcrest.src" value="" />
    <property name="run.jvmargs" value="" />
    <property name="libs.hibernate4-persistence.classpath" value="/home/user/netbeans-8.1/java/modules/ext/hibernate4/antlr-2.7.7.jar:/home/user/netbeans-8.1/java/modules/ext/hibernate4/c3p0-0.9.2.1.jar:/home/user/netbeans-8.1/java/modules/ext/hibernate4/hibernate-c3p0-4.3.1.Final.jar:/home/user/netbeans-8.1/java/modules/ext/hibernate4/mchange-commons-java-0.2.3.4.jar:/home/user/netbeans-8.1/java/modules/ext/hibernate4/dom4j-1.6.1.jar:/home/user/netbeans-8.1/java/modules/ext/hibernate4/ehcache-core-2.4.3.jar:/home/user/netbeans-8.1/java/modules/ext/hibernate4/hibernate-ehcache-4.3.1.Final.jar:/home/user/netbeans-8.1/java/modules/ext/hibernate4/hibernate-core-4.3.1.Final.jar:/home/user/netbeans-8.1/java/modules/ext/hibernate4/jboss-logging-3.1.3.GA.jar:/home/user/netbeans-8.1/java/modules/ext/hibernate4/hibernate-commons-annotations-4.0.4.Final.jar:/home/user/netbeans-8.1/java/modules/ext/hibernate4/hibernate-entitymanager-4.3.1.Final.jar:/home/user/netbeans-8.1/java/modules/ext/hibernate4/javassist-3.18.1-GA.jar:/home/user/netbeans-8.1/java/modules/ext/hibernate4/jboss-transaction-api_1.2_spec-1.0.0.Final.jar:/home/user/netbeans-8.1/java/modules/ext/hibernate4/slf4j-api-1.6.1.jar:/home/user/netbeans-8.1/java/modules/ext/hibernate4/slf4j-simple-1.6.1.jar:/home/user/netbeans-8.1/java/modules/ext/hibernate4/hibernate-jpa-2.1-api-1.0.0.Final.jar" />
    <property name="libs.JAXB-ENDORSED.src" value="" />
    <property name="libs.testng.javadoc" value="/home/user/netbeans-8.1/platform/docs/testng-6.8.1-javadoc.zip" />
    <property name="libs.DataBindingME-PIM.src" value="/home/user/netbeans-8.1/mobility/sources/netbeans_databindingme_pim-src.zip" />
    <property name="libs.PostgreSQLDriver.classpath" value="/home/user/netbeans-8.1/ide/modules/ext/postgresql-9.2-1002.jdbc4.jar" />
    <property name="libs.jsf12.maven-pom" value="" />
    <property name="libs.hibernate4-persistencemodelgen.classpath" value="/home/user/netbeans-8.1/java/modules/ext/hibernate4/hibernate-jpamodelgen-4.3.1.Final.jar" />
    <property name="annotation.processing.source.output" value="build/generated-sources/ap-source-output" />
    <property name="main.class" value="com.javafx.main.Main" />
    <property name="libs.Apache_Commons_Net.src" value="" />
    <property name="libs.CopyLibs.src" value="" />
    <property name="build.dir" value="build" />
    <property name="libs.jsp-compilation.classpath" value="/home/user/netbeans-8.1/extide/ant/lib/ant.jar:/home/user/netbeans-8.1/enterprise/modules/ext/servlet3.1-jsp2.3-api.jar:/home/user/netbeans-8.1/enterprise/modules/ext/glassfish-jspparser-4.0.jar:/home/user/netbeans-8.1/enterprise/modules/ext/jsf-2_2/javax.faces.jar:/home/user/netbeans-8.1/enterprise/modules/ext/jstl-api.jar:/home/user/netbeans-8.1/extide/ant/lib/ant-launcher.jar" />
    <property name="libs.JSSC.classpath" value="/home/user/Downloads/Libraries/jSSC-2.6.0-Release/jssc.jar" />
    <property name="libs.Apache_Commons_Math.javadoc" value="" />
    <property name="ant.version" value="Apache Ant(TM) version 1.9.4 compiled on April 29 2014" />
    <property name="build.classes.excludes" value="**/*.java,**/*.form" />
    <property name="file.encoding" value="UTF-8" />
    <property name="javadoc.nonavbar" value="false" />
    <property name="jdkBug6558476" value="false" />
    <property name="libs.HSQLDB.src" value="" />
    <property name="libs.spring-webmvc4.0.classpath" value="/home/user/netbeans-8.1/java/modules/ext/spring-4/spring-webmvc-4.0.1.RELEASE.jar" />
    <property name="platform.active" value="default_platform" />
    <property name="awt.toolkit" value="sun.awt.X11.XToolkit" />
    <property name="javafx.deploy.installpermanently" value="false" />
    <property name="libs.Apache_Commons_DBCP.javadoc" value="/home/user/Downloads/Libraries/commons-dbcp2-2.1.1/commons-dbcp2-2.1.1-javadoc.jar" />
    <property name="libs.javaee-web-api-7.0.javadoc" value="/home/user/netbeans-8.1/enterprise/docs/javaee-doc-api.jar" />
  </properties>
  <testcase classname="serial.SerialTest" name="testCRC" time="0.157">
    <error message="-1" type="java.lang.ArrayIndexOutOfBoundsException">java.lang.ArrayIndexOutOfBoundsException: -1
	at java.util.ArrayList.elementData(ArrayList.java:418)
	at java.util.ArrayList.get(ArrayList.java:431)
	at serial.SerialTest.setUp(SerialTest.java:34)
</error>
    <error type="java.lang.NullPointerException">java.lang.NullPointerException
	at serial.SerialTest.tearDown(SerialTest.java:40)
</error>
  </testcase>
  <testcase classname="serial.SerialTest" name="testCRCCheck" time="0.006">
    <error message="-1" type="java.lang.ArrayIndexOutOfBoundsException">java.lang.ArrayIndexOutOfBoundsException: -1
	at java.util.ArrayList.elementData(ArrayList.java:418)
	at java.util.ArrayList.get(ArrayList.java:431)
	at serial.SerialTest.setUp(SerialTest.java:34)
</error>
    <error type="java.lang.NullPointerException">java.lang.NullPointerException
	at serial.SerialTest.tearDown(SerialTest.java:40)
</error>
  </testcase>
  <system-out><![CDATA[]]></system-out>
  <system-err><![CDATA[]]></system-err>
</testsuite>
